{"C:\\truongnn\\REACT\\react-redux-advanced\\src\\index.js": {"path":"C:\\truongnn\\REACT\\react-redux-advanced\\src\\index.js","statementMap":{"0":{"start":{"line":8,"column":0},"end":{"line":13,"column":2}}},"fnMap":{},"branchMap":{},"s":{"0":0},"f":{},"b":{},"hash":"721e12ba870a7a7f0ed4e1aaacb54ec87e40ccb5"}
,"C:\\truongnn\\REACT\\react-redux-advanced\\src\\root.js": {"path":"C:\\truongnn\\REACT\\react-redux-advanced\\src\\root.js","statementMap":{"0":{"start":{"line":8,"column":16},"end":{"line":12,"column":3}},"1":{"start":{"line":13,"column":2},"end":{"line":13,"column":55}}},"fnMap":{"0":{"name":"(anonymous_0)","decl":{"start":{"line":7,"column":15},"end":{"line":7,"column":16}},"loc":{"start":{"line":7,"column":52},"end":{"line":14,"column":1}},"line":7}},"branchMap":{"0":{"loc":{"start":{"line":7,"column":28},"end":{"line":7,"column":45}},"type":"default-arg","locations":[{"start":{"line":7,"column":43},"end":{"line":7,"column":45}}],"line":7}},"s":{"0":6,"1":6},"f":{"0":6},"b":{"0":[4]},"_coverageSchema":"43e27e138ebf9cfc5966b082cf9a028302ed4184","hash":"09a0a346733b35c2f6f807cdcecc9cb9dac1c72b"}
,"C:\\truongnn\\REACT\\react-redux-advanced\\src\\actions\\index.js": {"path":"C:\\truongnn\\REACT\\react-redux-advanced\\src\\actions\\index.js","statementMap":{"0":{"start":{"line":4,"column":27},"end":{"line":7,"column":2}},"1":{"start":{"line":4,"column":39},"end":{"line":7,"column":1}},"2":{"start":{"line":9,"column":29},"end":{"line":15,"column":1}},"3":{"start":{"line":10,"column":14},"end":{"line":10,"column":71}},"4":{"start":{"line":11,"column":2},"end":{"line":14,"column":4}}},"fnMap":{"0":{"name":"(anonymous_0)","decl":{"start":{"line":4,"column":27},"end":{"line":4,"column":28}},"loc":{"start":{"line":4,"column":39},"end":{"line":7,"column":1}},"line":4},"1":{"name":"(anonymous_1)","decl":{"start":{"line":9,"column":29},"end":{"line":9,"column":30}},"loc":{"start":{"line":9,"column":35},"end":{"line":15,"column":1}},"line":9}},"branchMap":{},"s":{"0":4,"1":3,"2":4,"3":1,"4":1},"f":{"0":3,"1":1},"b":{},"_coverageSchema":"43e27e138ebf9cfc5966b082cf9a028302ed4184","hash":"de406bcf6aa07cd4702856c00c721f1907f5577a"}
,"C:\\truongnn\\REACT\\react-redux-advanced\\src\\actions\\types.js": {"path":"C:\\truongnn\\REACT\\react-redux-advanced\\src\\actions\\types.js","statementMap":{"0":{"start":{"line":1,"column":28},"end":{"line":1,"column":42}},"1":{"start":{"line":2,"column":30},"end":{"line":2,"column":46}}},"fnMap":{},"branchMap":{},"s":{"0":6,"1":6},"f":{},"b":{},"_coverageSchema":"43e27e138ebf9cfc5966b082cf9a028302ed4184","hash":"11c5f54a34f9417ab6ca9f7e52613524b14b980c"}
,"C:\\truongnn\\REACT\\react-redux-advanced\\src\\components\\App.js": {"path":"C:\\truongnn\\REACT\\react-redux-advanced\\src\\components\\App.js","statementMap":{"0":{"start":{"line":7,"column":2},"end":{"line":12,"column":4}}},"fnMap":{"0":{"name":"(anonymous_0)","decl":{"start":{"line":6,"column":15},"end":{"line":6,"column":16}},"loc":{"start":{"line":6,"column":21},"end":{"line":13,"column":1}},"line":6}},"branchMap":{},"s":{"0":2},"f":{"0":2},"b":{},"_coverageSchema":"43e27e138ebf9cfc5966b082cf9a028302ed4184","hash":"362e0290ddd0dce77137d7c44a6a10f0eea8118e"}
,"C:\\truongnn\\REACT\\react-redux-advanced\\src\\components\\CommentBox.js": {"path":"C:\\truongnn\\REACT\\react-redux-advanced\\src\\components\\CommentBox.js","statementMap":{"0":{"start":{"line":6,"column":10},"end":{"line":8,"column":3}},"1":{"start":{"line":10,"column":17},"end":{"line":12,"column":3}},"2":{"start":{"line":11,"column":4},"end":{"line":11,"column":51}},"3":{"start":{"line":14,"column":17},"end":{"line":18,"column":3}},"4":{"start":{"line":15,"column":4},"end":{"line":15,"column":27}},"5":{"start":{"line":16,"column":4},"end":{"line":16,"column":47}},"6":{"start":{"line":17,"column":4},"end":{"line":17,"column":35}},"7":{"start":{"line":21,"column":4},"end":{"line":38,"column":6}}},"fnMap":{"0":{"name":"(anonymous_0)","decl":{"start":{"line":10,"column":17},"end":{"line":10,"column":18}},"loc":{"start":{"line":10,"column":26},"end":{"line":12,"column":3}},"line":10},"1":{"name":"(anonymous_1)","decl":{"start":{"line":14,"column":17},"end":{"line":14,"column":18}},"loc":{"start":{"line":14,"column":26},"end":{"line":18,"column":3}},"line":14},"2":{"name":"(anonymous_2)","decl":{"start":{"line":20,"column":2},"end":{"line":20,"column":3}},"loc":{"start":{"line":20,"column":11},"end":{"line":39,"column":3}},"line":20}},"branchMap":{},"s":{"0":4,"1":4,"2":2,"3":4,"4":1,"5":1,"6":1,"7":7},"f":{"0":2,"1":1,"2":7},"b":{},"_coverageSchema":"43e27e138ebf9cfc5966b082cf9a028302ed4184","hash":"7c9a6286a8201d652c1a64617dd6dafa20ff9a47"}
,"C:\\truongnn\\REACT\\react-redux-advanced\\src\\components\\CommentList.js": {"path":"C:\\truongnn\\REACT\\react-redux-advanced\\src\\components\\CommentList.js","statementMap":{"0":{"start":{"line":6,"column":4},"end":{"line":8,"column":7}},"1":{"start":{"line":7,"column":6},"end":{"line":7,"column":42}},"2":{"start":{"line":12,"column":4},"end":{"line":16,"column":6}},"3":{"start":{"line":20,"column":24},"end":{"line":24,"column":1}},"4":{"start":{"line":21,"column":2},"end":{"line":23,"column":4}}},"fnMap":{"0":{"name":"(anonymous_0)","decl":{"start":{"line":5,"column":2},"end":{"line":5,"column":3}},"loc":{"start":{"line":5,"column":19},"end":{"line":9,"column":3}},"line":5},"1":{"name":"(anonymous_1)","decl":{"start":{"line":6,"column":35},"end":{"line":6,"column":36}},"loc":{"start":{"line":6,"column":53},"end":{"line":8,"column":5}},"line":6},"2":{"name":"(anonymous_2)","decl":{"start":{"line":11,"column":2},"end":{"line":11,"column":3}},"loc":{"start":{"line":11,"column":11},"end":{"line":17,"column":3}},"line":11},"3":{"name":"(anonymous_3)","decl":{"start":{"line":20,"column":24},"end":{"line":20,"column":25}},"loc":{"start":{"line":20,"column":33},"end":{"line":24,"column":1}},"line":20}},"branchMap":{},"s":{"0":4,"1":6,"2":4,"3":3,"4":4},"f":{"0":4,"1":6,"2":4,"3":4},"b":{},"_coverageSchema":"43e27e138ebf9cfc5966b082cf9a028302ed4184","hash":"9b657425da2bdf0d65c53405d20be98b7d3cf920"}
,"C:\\truongnn\\REACT\\react-redux-advanced\\src\\reducers\\comments.js": {"path":"C:\\truongnn\\REACT\\react-redux-advanced\\src\\reducers\\comments.js","statementMap":{"0":{"start":{"line":3,"column":17},"end":{"line":13,"column":1}},"1":{"start":{"line":4,"column":2},"end":{"line":12,"column":3}},"2":{"start":{"line":6,"column":6},"end":{"line":6,"column":40}},"3":{"start":{"line":8,"column":23},"end":{"line":8,"column":71}},"4":{"start":{"line":8,"column":58},"end":{"line":8,"column":70}},"5":{"start":{"line":9,"column":6},"end":{"line":9,"column":37}},"6":{"start":{"line":11,"column":6},"end":{"line":11,"column":19}}},"fnMap":{"0":{"name":"(anonymous_0)","decl":{"start":{"line":3,"column":17},"end":{"line":3,"column":18}},"loc":{"start":{"line":3,"column":41},"end":{"line":13,"column":1}},"line":3},"1":{"name":"(anonymous_1)","decl":{"start":{"line":8,"column":47},"end":{"line":8,"column":48}},"loc":{"start":{"line":8,"column":58},"end":{"line":8,"column":70}},"line":8}},"branchMap":{"0":{"loc":{"start":{"line":3,"column":18},"end":{"line":3,"column":28}},"type":"default-arg","locations":[{"start":{"line":3,"column":26},"end":{"line":3,"column":28}}],"line":3},"1":{"loc":{"start":{"line":4,"column":2},"end":{"line":12,"column":3}},"type":"switch","locations":[{"start":{"line":5,"column":4},"end":{"line":6,"column":40}},{"start":{"line":7,"column":4},"end":{"line":9,"column":37}},{"start":{"line":10,"column":4},"end":{"line":11,"column":19}}],"line":4}},"s":{"0":4,"1":16,"2":2,"3":1,"4":2,"5":1,"6":13},"f":{"0":16,"1":2},"b":{"0":[10],"1":[2,1,13]},"_coverageSchema":"43e27e138ebf9cfc5966b082cf9a028302ed4184","hash":"1cc112ccbf44f3a27bcd54556287c093097b7457"}
,"C:\\truongnn\\REACT\\react-redux-advanced\\src\\reducers\\index.js": {"path":"C:\\truongnn\\REACT\\react-redux-advanced\\src\\reducers\\index.js","statementMap":{},"fnMap":{},"branchMap":{},"s":{},"f":{},"b":{},"_coverageSchema":"43e27e138ebf9cfc5966b082cf9a028302ed4184","hash":"1466f4d74da17c91fdc80cfcc672facceb11ef50"}
}
