TN:
SF:C:\truongnn\REACT\react-redux-advanced\src\index.js
FNF:0
FNH:0
DA:8,0
LF:1
LH:0
BRF:0
BRH:0
end_of_record
TN:
SF:C:\truongnn\REACT\react-redux-advanced\src\root.js
FN:7,(anonymous_0)
FNF:1
FNH:1
FNDA:6,(anonymous_0)
DA:8,6
DA:13,6
LF:2
LH:2
BRDA:7,0,0,4
BRF:1
BRH:1
end_of_record
TN:
SF:C:\truongnn\REACT\react-redux-advanced\src\actions\index.js
FN:4,(anonymous_0)
FN:9,(anonymous_1)
FNF:2
FNH:2
FNDA:3,(anonymous_0)
FNDA:1,(anonymous_1)
DA:4,4
DA:9,4
DA:10,1
DA:11,1
LF:4
LH:4
BRF:0
BRH:0
end_of_record
TN:
SF:C:\truongnn\REACT\react-redux-advanced\src\actions\types.js
FNF:0
FNH:0
DA:1,6
DA:2,6
LF:2
LH:2
BRF:0
BRH:0
end_of_record
TN:
SF:C:\truongnn\REACT\react-redux-advanced\src\components\App.js
FN:6,(anonymous_0)
FNF:1
FNH:1
FNDA:2,(anonymous_0)
DA:7,2
LF:1
LH:1
BRF:0
BRH:0
end_of_record
TN:
SF:C:\truongnn\REACT\react-redux-advanced\src\components\CommentBox.js
FN:10,(anonymous_0)
FN:14,(anonymous_1)
FN:20,(anonymous_2)
FNF:3
FNH:3
FNDA:2,(anonymous_0)
FNDA:1,(anonymous_1)
FNDA:7,(anonymous_2)
DA:6,4
DA:10,4
DA:11,2
DA:14,4
DA:15,1
DA:16,1
DA:17,1
DA:21,7
LF:8
LH:8
BRF:0
BRH:0
end_of_record
TN:
SF:C:\truongnn\REACT\react-redux-advanced\src\components\CommentList.js
FN:5,(anonymous_0)
FN:6,(anonymous_1)
FN:11,(anonymous_2)
FN:20,(anonymous_3)
FNF:4
FNH:4
FNDA:4,(anonymous_0)
FNDA:6,(anonymous_1)
FNDA:4,(anonymous_2)
FNDA:4,(anonymous_3)
DA:6,4
DA:7,6
DA:12,4
DA:20,3
DA:21,4
LF:5
LH:5
BRF:0
BRH:0
end_of_record
TN:
SF:C:\truongnn\REACT\react-redux-advanced\src\reducers\comments.js
FN:3,(anonymous_0)
FN:8,(anonymous_1)
FNF:2
FNH:2
FNDA:16,(anonymous_0)
FNDA:2,(anonymous_1)
DA:3,4
DA:4,16
DA:6,2
DA:8,2
DA:9,1
DA:11,13
LF:6
LH:6
BRDA:3,0,0,10
BRDA:4,1,0,2
BRDA:4,1,1,1
BRDA:4,1,2,13
BRF:4
BRH:4
end_of_record
TN:
SF:C:\truongnn\REACT\react-redux-advanced\src\reducers\index.js
FNF:0
FNH:0
LF:0
LH:0
BRF:0
BRH:0
end_of_record
